c:\users\guillaume\documents\polymtl\chtref\chtref-gulavc\inf4710 (multimedia)\inf4710_tp2_cpp\x64\release\vc140.pdb
c:\users\guillaume\documents\polymtl\chtref\chtref-gulavc\inf4710 (multimedia)\inf4710_tp2_cpp\x64\release\zigzag_inv.obj
c:\users\guillaume\documents\polymtl\chtref\chtref-gulavc\inf4710 (multimedia)\inf4710_tp2_cpp\x64\release\zigzag.obj
c:\users\guillaume\documents\polymtl\chtref\chtref-gulavc\inf4710 (multimedia)\inf4710_tp2_cpp\x64\release\quantif_inv.obj
c:\users\guillaume\documents\polymtl\chtref\chtref-gulavc\inf4710 (multimedia)\inf4710_tp2_cpp\x64\release\quantif.obj
c:\users\guillaume\documents\polymtl\chtref\chtref-gulavc\inf4710 (multimedia)\inf4710_tp2_cpp\x64\release\huff_inv.obj
c:\users\guillaume\documents\polymtl\chtref\chtref-gulavc\inf4710 (multimedia)\inf4710_tp2_cpp\x64\release\huff_common.obj
c:\users\guillaume\documents\polymtl\chtref\chtref-gulavc\inf4710 (multimedia)\inf4710_tp2_cpp\x64\release\huff.obj
c:\users\guillaume\documents\polymtl\chtref\chtref-gulavc\inf4710 (multimedia)\inf4710_tp2_cpp\x64\release\decoup_inv.obj
c:\users\guillaume\documents\polymtl\chtref\chtref-gulavc\inf4710 (multimedia)\inf4710_tp2_cpp\x64\release\decoup.obj
c:\users\guillaume\documents\polymtl\chtref\chtref-gulavc\inf4710 (multimedia)\inf4710_tp2_cpp\x64\release\dct_inv.obj
c:\users\guillaume\documents\polymtl\chtref\chtref-gulavc\inf4710 (multimedia)\inf4710_tp2_cpp\x64\release\dct.obj
c:\users\guillaume\documents\polymtl\chtref\chtref-gulavc\inf4710 (multimedia)\inf4710_tp2_cpp\x64\release\conv_ycbcr2rgb.obj
c:\users\guillaume\documents\polymtl\chtref\chtref-gulavc\inf4710 (multimedia)\inf4710_tp2_cpp\x64\release\conv_rgb2ycbcr.obj
c:\users\guillaume\documents\polymtl\chtref\chtref-gulavc\inf4710 (multimedia)\inf4710_tp2_cpp\x64\release\main.obj
c:\users\guillaume\documents\polymtl\chtref\chtref-gulavc\inf4710 (multimedia)\inf4710_tp2_cpp\x64\release\inf4710_tp2.exe
c:\users\guillaume\documents\polymtl\chtref\chtref-gulavc\inf4710 (multimedia)\inf4710_tp2_cpp\x64\release\inf4710_tp2.ipdb
c:\users\guillaume\documents\polymtl\chtref\chtref-gulavc\inf4710 (multimedia)\inf4710_tp2_cpp\x64\release\inf4710_tp2.iobj
c:\users\guillaume\documents\polymtl\chtref\chtref-gulavc\inf4710 (multimedia)\inf4710_tp2_cpp\x64\release\inf4710_tp2.pdb
c:\users\guillaume\documents\polymtl\chtref\chtref-gulavc\inf4710 (multimedia)\inf4710_tp2_cpp\x64\release\inf4710_tp2.tlog\cl.command.1.tlog
c:\users\guillaume\documents\polymtl\chtref\chtref-gulavc\inf4710 (multimedia)\inf4710_tp2_cpp\x64\release\inf4710_tp2.tlog\cl.read.1.tlog
c:\users\guillaume\documents\polymtl\chtref\chtref-gulavc\inf4710 (multimedia)\inf4710_tp2_cpp\x64\release\inf4710_tp2.tlog\cl.write.1.tlog
c:\users\guillaume\documents\polymtl\chtref\chtref-gulavc\inf4710 (multimedia)\inf4710_tp2_cpp\x64\release\inf4710_tp2.tlog\link.command.1.tlog
c:\users\guillaume\documents\polymtl\chtref\chtref-gulavc\inf4710 (multimedia)\inf4710_tp2_cpp\x64\release\inf4710_tp2.tlog\link.read.1.tlog
c:\users\guillaume\documents\polymtl\chtref\chtref-gulavc\inf4710 (multimedia)\inf4710_tp2_cpp\x64\release\inf4710_tp2.tlog\link.write.1.tlog
