  zigzag_inv.h
  zigzag.h
  quantif_inv.h
  quantif.h
  huff_inv.h
  huff_common.h
  huff.h
  decoup_inv.h
  decoup.h
  dct_inv.h
  dct.h
  conv_ycbcr2rgb.h
  conv_rgb2ycbcr.h
x:\bureau\inf4710_tp2_cpp\conv_rgb2ycbcr.h(23): warning C4244: 'initialisation' : conversion de 'double' en 'uchar', perte possible de données
x:\bureau\inf4710_tp2_cpp\conv_rgb2ycbcr.h(34): warning C4244: 'initialisation' : conversion de 'double' en 'uchar', perte possible de données
x:\bureau\inf4710_tp2_cpp\conv_rgb2ycbcr.h(35): warning C4244: '=' : conversion de 'double' en 'uchar', perte possible de données
x:\bureau\inf4710_tp2_cpp\conv_rgb2ycbcr.h(36): warning C4244: '=' : conversion de 'double' en 'uchar', perte possible de données
x:\bureau\inf4710_tp2_cpp\conv_rgb2ycbcr.h(53): warning C4244: 'initialisation' : conversion de 'double' en 'uchar', perte possible de données
x:\bureau\inf4710_tp2_cpp\conv_rgb2ycbcr.h(55): warning C4244: '=' : conversion de 'double' en 'uchar', perte possible de données
x:\bureau\inf4710_tp2_cpp\conv_rgb2ycbcr.h(56): warning C4244: '=' : conversion de 'double' en 'uchar', perte possible de données
  main.cpp
x:\bureau\inf4710_tp2_cpp\conv_rgb2ycbcr.h(23): warning C4244: 'initialisation' : conversion de 'double' en 'uchar', perte possible de données
x:\bureau\inf4710_tp2_cpp\conv_rgb2ycbcr.h(34): warning C4244: 'initialisation' : conversion de 'double' en 'uchar', perte possible de données
x:\bureau\inf4710_tp2_cpp\conv_rgb2ycbcr.h(35): warning C4244: '=' : conversion de 'double' en 'uchar', perte possible de données
x:\bureau\inf4710_tp2_cpp\conv_rgb2ycbcr.h(36): warning C4244: '=' : conversion de 'double' en 'uchar', perte possible de données
x:\bureau\inf4710_tp2_cpp\conv_rgb2ycbcr.h(53): warning C4244: 'initialisation' : conversion de 'double' en 'uchar', perte possible de données
x:\bureau\inf4710_tp2_cpp\conv_rgb2ycbcr.h(55): warning C4244: '=' : conversion de 'double' en 'uchar', perte possible de données
x:\bureau\inf4710_tp2_cpp\conv_rgb2ycbcr.h(56): warning C4244: '=' : conversion de 'double' en 'uchar', perte possible de données
x:\bureau\inf4710_tp2_cpp\dct.h(29): warning C4244: '=' : conversion de 'double' en 'float', perte possible de données
  x:\bureau\inf4710_tp2_cpp\main.cpp(52): note: voir la référence à l'instanciation de la fonction modèle 'cv::Mat_<float> dct<uchar,float>(const cv::Mat_<uchar> &)' en cours de compilation
x:\bureau\inf4710_tp2_cpp\dct.h(32): warning C4244: '=' : conversion de 'double' en 'float', perte possible de données
x:\bureau\inf4710_tp2_cpp\dct.h(36): warning C4244: '=' : conversion de 'double' en 'float', perte possible de données
x:\bureau\inf4710_tp2_cpp\dct.h(39): warning C4244: '=' : conversion de 'double' en 'float', perte possible de données
x:\bureau\inf4710_tp2_cpp\dct.h(42): error C2065: 'i' : identificateur non déclaré
x:\bureau\inf4710_tp2_cpp\dct.h(42): error C2065: 'j' : identificateur non déclaré
x:\bureau\inf4710_tp2_cpp\dct_inv.h(24): warning C4244: '=' : conversion de 'double' en 'float', perte possible de données
  x:\bureau\inf4710_tp2_cpp\main.cpp(58): note: voir la référence à l'instanciation de la fonction modèle 'cv::Mat_<uchar> dct_inv<float,uchar>(const cv::Mat_<float> &)' en cours de compilation
x:\bureau\inf4710_tp2_cpp\dct_inv.h(27): warning C4244: '=' : conversion de 'double' en 'float', perte possible de données
x:\bureau\inf4710_tp2_cpp\dct_inv.h(31): warning C4244: '=' : conversion de 'double' en 'float', perte possible de données
x:\bureau\inf4710_tp2_cpp\dct_inv.h(34): warning C4244: '=' : conversion de 'double' en 'float', perte possible de données
x:\bureau\inf4710_tp2_cpp\dct_inv.h(38): warning C4244: '+=' : conversion de 'double' en 'float', perte possible de données
  Génération de code en cours...
